
> @ dev C:\OpenServer\domains\loveintravels
> npm run development


> @ development C:\OpenServer\domains\loveintravels
> cross-env NODE_ENV=development node_modules/webpack/bin/webpack.js --progress --hide-modules --config=node_modules/laravel-mix/setup/webpack.config.js

 ERROR  Failed to compile with 1 errors11:48:39

This relative module was not found:

* ./fonts/carefree.ttf in ./node_modules/css-loader??ref--8-2!./node_modules/postcss-loader/lib??postcss!./node_modules/resolve-url-loader??ref--8-4!./node_modules/sass-loader/lib/loader.js??ref--8-5!./resources/assets/sass/app.scss
     Asset     Size  Chunks                    Chunk Names
\js\app.js  2.21 MB       0  [emitted]  [big]  \js\app

ERROR in ./resources/assets/sass/app.scss
Module build failed: ModuleNotFoundError: Module not found: Error: Can't resolve './fonts/carefree.ttf' in 'C:\OpenServer\domains\loveintravels\resources\assets\sass'
    at factoryCallback (C:\OpenServer\domains\loveintravels\node_modules\webpack\lib\Compilation.js:276:40)
    at factory (C:\OpenServer\domains\loveintravels\node_modules\webpack\lib\NormalModuleFactory.js:237:20)
    at resolver (C:\OpenServer\domains\loveintravels\node_modules\webpack\lib\NormalModuleFactory.js:60:20)
    at asyncLib.parallel (C:\OpenServer\domains\loveintravels\node_modules\webpack\lib\NormalModuleFactory.js:127:20)
    at C:\OpenServer\domains\loveintravels\node_modules\async\dist\async.js:3874:9
    at C:\OpenServer\domains\loveintravels\node_modules\async\dist\async.js:473:16
    at iteratorCallback (C:\OpenServer\domains\loveintravels\node_modules\async\dist\async.js:1048:13)
    at C:\OpenServer\domains\loveintravels\node_modules\async\dist\async.js:958:16
    at C:\OpenServer\domains\loveintravels\node_modules\async\dist\async.js:3871:13
    at resolvers.normal.resolve (C:\OpenServer\domains\loveintravels\node_modules\webpack\lib\NormalModuleFactory.js:119:22)
    at onError (C:\OpenServer\domains\loveintravels\node_modules\enhanced-resolve\lib\Resolver.js:65:10)
    at loggingCallbackWrapper (C:\OpenServer\domains\loveintravels\node_modules\enhanced-resolve\lib\createInnerCallback.js:31:19)
    at runAfter (C:\OpenServer\domains\loveintravels\node_modules\enhanced-resolve\lib\Resolver.js:158:4)
    at innerCallback (C:\OpenServer\domains\loveintravels\node_modules\enhanced-resolve\lib\Resolver.js:146:3)
    at loggingCallbackWrapper (C:\OpenServer\domains\loveintravels\node_modules\enhanced-resolve\lib\createInnerCallback.js:31:19)
    at next (C:\OpenServer\domains\loveintravels\node_modules\tapable\lib\Tapable.js:252:11)
    at C:\OpenServer\domains\loveintravels\node_modules\enhanced-resolve\lib\UnsafeCachePlugin.js:40:4
    at loggingCallbackWrapper (C:\OpenServer\domains\loveintravels\node_modules\enhanced-resolve\lib\createInnerCallback.js:31:19)
    at runAfter (C:\OpenServer\domains\loveintravels\node_modules\enhanced-resolve\lib\Resolver.js:158:4)
    at innerCallback (C:\OpenServer\domains\loveintravels\node_modules\enhanced-resolve\lib\Resolver.js:146:3)
    at loggingCallbackWrapper (C:\OpenServer\domains\loveintravels\node_modules\enhanced-resolve\lib\createInnerCallback.js:31:19)
    at next (C:\OpenServer\domains\loveintravels\node_modules\tapable\lib\Tapable.js:252:11)
    at innerCallback (C:\OpenServer\domains\loveintravels\node_modules\enhanced-resolve\lib\Resolver.js:144:11)
    at loggingCallbackWrapper (C:\OpenServer\domains\loveintravels\node_modules\enhanced-resolve\lib\createInnerCallback.js:31:19)
    at next (C:\OpenServer\domains\loveintravels\node_modules\tapable\lib\Tapable.js:249:35)
    at resolver.doResolve.createInnerCallback (C:\OpenServer\domains\loveintravels\node_modules\enhanced-resolve\lib\DescriptionFilePlugin.js:44:6)
    at loggingCallbackWrapper (C:\OpenServer\domains\loveintravels\node_modules\enhanced-resolve\lib\createInnerCallback.js:31:19)
    at afterInnerCallback (C:\OpenServer\domains\loveintravels\node_modules\enhanced-resolve\lib\Resolver.js:168:10)
    at loggingCallbackWrapper (C:\OpenServer\domains\loveintravels\node_modules\enhanced-resolve\lib\createInnerCallback.js:31:19)
    at next (C:\OpenServer\domains\loveintravels\node_modules\tapable\lib\Tapable.js:252:11)
    at innerCallback (C:\OpenServer\domains\loveintravels\node_modules\enhanced-resolve\lib\Resolver.js:144:11)
    at loggingCallbackWrapper (C:\OpenServer\domains\loveintravels\node_modules\enhanced-resolve\lib\createInnerCallback.js:31:19)
    at next (C:\OpenServer\domains\loveintravels\node_modules\tapable\lib\Tapable.js:249:35)
    at resolver.doResolve.createInnerCallback (C:\OpenServer\domains\loveintravels\node_modules\enhanced-resolve\lib\DescriptionFilePlugin.js:44:6)
    at loggingCallbackWrapper (C:\OpenServer\domains\loveintravels\node_modules\enhanced-resolve\lib\createInnerCallback.js:31:19)
    at runAfter (C:\OpenServer\domains\loveintravels\node_modules\enhanced-resolve\lib\Resolver.js:158:4)
 @ ./resources/assets/sass/app.scss
 @ multi ./resources/assets/js/app.js ./resources/assets/sass/app.scss

ERROR in ./node_modules/css-loader??ref--8-2!./node_modules/postcss-loader/lib??postcss!./node_modules/resolve-url-loader??ref--8-4!./node_modules/sass-loader/lib/loader.js??ref--8-5!./resources/assets/sass/app.scss
Module not found: Error: Can't resolve './fonts/carefree.ttf' in 'C:\OpenServer\domains\loveintravels\resources\assets\sass'
 @ ./node_modules/css-loader??ref--8-2!./node_modules/postcss-loader/lib??postcss!./node_modules/resolve-url-loader??ref--8-4!./node_modules/sass-loader/lib/loader.js??ref--8-5!./resources/assets/sass/app.scss 7:651-682
 @ ./resources/assets/sass/app.scss
 @ multi ./resources/assets/js/app.js ./resources/assets/sass/app.scss
